<?xml version="1.0" encoding="UTF-8"?>
<!-- Generated by org.testng.reporters.JUnitXMLReporter -->
<testsuite ignored="4" hostname="LAPYPRINCE" failures="0" tests="1" name="Default test" time="6.066" errors="0" timestamp="2024-09-09T15:03:24 IST">
  <testcase classname="Evaluations.Eva1" name="addahook" time="5.963"/>
  <testcase classname="Evaluations.Eva1" name="scheduleahook" time="0.0">
    <ignored/>
  </testcase> <!-- scheduleahook -->
  <testcase classname="Evaluations.Eva1" name="gethooks" time="0.0">
    <ignored/>
  </testcase> <!-- gethooks -->
  <testcase classname="Evaluations.Eva1" name="getahook" time="0.0">
    <ignored/>
  </testcase> <!-- getahook -->
  <testcase classname="Evaluations.Eva1" name="deleteahook" time="0.0">
    <ignored/>
  </testcase> <!-- deleteahook -->
</testsuite> <!-- Default test -->
